Synchronisierung gestartet am 2023-10-29 02:34:57.931294
Kopiere index.html von /Users/c.tayiz/Documents/Share nach /Users/c.tayiz/Documents/Share2
Synchronisierung abgeschlossen
Synchronisierung gestartet am 2023-10-29 02:36:42.584111
Kopiere data1.txt von test nach /Users/c.tayiz/Documents/
Kopiere data2.txt von test nach /Users/c.tayiz/Documents/
Kopiere .DS_Store von test nach /Users/c.tayiz/Documents/
Kopiere data1.txt von test nach /Users/c.tayiz/Documents/
Kopiere data2.txt von test nach /Users/c.tayiz/Documents/
Kopiere data1.txt von test nach /Users/c.tayiz/Documents/
Kopiere data2.txt von test nach /Users/c.tayiz/Documents/
{datetime.now()} Synchronisierung abgeschlossen
Synchronisierung gestartet am 2023-10-29 02:37:19.479842
Kopiere .DS_Store von test/ nach /Users/c.tayiz/Documents/
Kopiere data1.txt von test/ nach /Users/c.tayiz/Documents/
Kopiere data2.txt von test/ nach /Users/c.tayiz/Documents/
Kopiere data1.txt von test/ nach /Users/c.tayiz/Documents/
Kopiere data2.txt von test/ nach /Users/c.tayiz/Documents/
{datetime.now()} Synchronisierung abgeschlossen
Synchronisierung gestartet am 2023-10-29 02:39:08.533189
Kopiere .DS_Store von test/ nach /Users/c.tayiz/Documents/
Kopiere data1.txt von test/ nach /Users/c.tayiz/Documents/
Kopiere data2.txt von test/ nach /Users/c.tayiz/Documents/
Kopiere data1.txt von test/ nach /Users/c.tayiz/Documents/
Kopiere data2.txt von test/ nach /Users/c.tayiz/Documents/
Synchronisierung abgeschlossen2023-10-29 02:39:08.538702
Synchronisierung gestartet am 2023-10-29 02:39:39.856684
Kopiere .DS_Store von test/ nach /Users/c.tayiz/Documents/
Kopiere data1.txt von test/ nach /Users/c.tayiz/Documents/
Kopiere data2.txt von test/ nach /Users/c.tayiz/Documents/
Kopiere data1.txt von test/ nach /Users/c.tayiz/Documents/
Kopiere data2.txt von test/ nach /Users/c.tayiz/Documents/
Synchronisierung abgeschlossen 2023-10-29 02:39:39.860356
Synchronisierung gestartet am 2023-10-29 02:41:43.041357
Kopiere .DS_Store von test nach test2
Kopiere data1.txt von test nach test2
Kopiere data2.txt von test nach test2
Kopiere .DS_Store von test nach test2
Kopiere data1.txt von test nach test2
Kopiere data2.txt von test nach test2
Kopiere data1.txt von test nach test2
Kopiere data2.txt von test nach test2
Synchronisierung abgeschlossen 2023-10-29 02:41:43.046383
Synchronisierung gestartet am 2023-10-29 02:10:37.363003
Kopiere .DS_Store von test nach test2
Kopiere data1.txt von test nach test2
Kopiere data2.txt von test nach test2
Kopiere .DS_Store von test nach test2
Kopiere data1.txt von test nach test2
Kopiere data2.txt von test nach test2
Kopiere data1.txt von test nach test2
Kopiere data2.txt von test nach test2
Synchronisierung abgeschlossen 2023-10-29 02:10:37.369474
